# JRE version: OpenJDK Runtime Environment Temurin-21.0.8+9 (21.0.8+9) (build 21.0.8+9-LTS)
# Java VM: OpenJDK 64-Bit Server VM Temurin-21.0.8+9 (21.0.8+9-LTS, mixed mode, sharing, tiered, compressed oops, compressed class ptrs, parallel gc, windows-amd64)
GC Precious Log:
 CardTable entry size: 512
 CPUs: 12 total, 12 available
 Memory: 16252M
 Large Page Support: Disabled
 NUMA Support: Disabled
 Compressed Oops: Enabled (32-bit)
 Alignments: Space 512K, Generation 512K, Heap 2M
 Heap Min Capacity: 100M
 Heap Initial Capacity: 100M
 Heap Max Capacity: 2G
 Pre-touch: Disabled
 Parallel Workers: 10
Heap:
 PSYoungGen      total 16384K, used 3040K [0x00000000d5580000, 0x00000000d6a80000, 0x0000000100000000)
  eden space 15872K, 16% used [0x00000000d5580000,0x00000000d58017b8,0x00000000d6500000)
  from space 512K, 95% used [0x00000000d6680000,0x00000000d66fa368,0x00000000d6700000)
  to   space 1536K, 0% used [0x00000000d6500000,0x00000000d6500000,0x00000000d6680000)
 ParOldGen       total 68608K, used 60845K [0x0000000080000000, 0x0000000084300000, 0x00000000d5580000)
  object space 68608K, 88% used [0x0000000080000000,0x0000000083b6b438,0x0000000084300000)
 Metaspace       used 57651K, committed 59008K, reserved 1114112K
  class space    used 6216K, committed 6784K, reserved 1048576K
GC Heap History (20 events):
Event: 16.617 GC heap after
{Heap after GC invocations=37 (full 2):
 PSYoungGen      total 13824K, used 941K [0x00000000d5580000, 0x00000000d6900000, 0x0000000100000000)
  eden space 11776K, 0% used [0x00000000d5580000,0x00000000d5580000,0x00000000d6100000)
  from space 2048K, 45% used [0x00000000d6580000,0x00000000d666b7f0,0x00000000d6780000)
  to   space 1536K, 0% used [0x00000000d6780000,0x00000000d6780000,0x00000000d6900000)
 ParOldGen       total 68608K, used 54267K [0x0000000080000000, 0x0000000084300000, 0x00000000d5580000)
  object space 68608K, 79% used [0x0000000080000000,0x00000000834fedc0,0x0000000084300000)
 Metaspace       used 57330K, committed 58752K, reserved 1114112K
  class space    used 6198K, committed 6784K, reserved 1048576K
}
Event: 16.646 GC heap before
{Heap before GC invocations=38 (full 2):
 PSYoungGen      total 13824K, used 12717K [0x00000000d5580000, 0x00000000d6900000, 0x0000000100000000)
  eden space 11776K, 100% used [0x00000000d5580000,0x00000000d6100000,0x00000000d6100000)
  from space 2048K, 45% used [0x00000000d6580000,0x00000000d666b7f0,0x00000000d6780000)
  to   space 1536K, 0% used [0x00000000d6780000,0x00000000d6780000,0x00000000d6900000)
 ParOldGen       total 68608K, used 54267K [0x0000000080000000, 0x0000000084300000, 0x00000000d5580000)
  object space 68608K, 79% used [0x0000000080000000,0x00000000834fedc0,0x0000000084300000)
 Metaspace       used 57400K, committed 58880K, reserved 1114112K
  class space    used 6201K, committed 6784K, reserved 1048576K
}
Event: 16.647 GC heap after
{Heap after GC invocations=38 (full 2):
 PSYoungGen      total 12800K, used 803K [0x00000000d5580000, 0x00000000d6880000, 0x0000000100000000)
  eden space 11776K, 0% used [0x00000000d5580000,0x00000000d5580000,0x00000000d6100000)
  from space 1024K, 78% used [0x00000000d6780000,0x00000000d6848ed0,0x00000000d6880000)
  to   space 1024K, 0% used [0x00000000d6680000,0x00000000d6680000,0x00000000d6780000)
 ParOldGen       total 68608K, used 54895K [0x0000000080000000, 0x0000000084300000, 0x00000000d5580000)
  object space 68608K, 80% used [0x0000000080000000,0x000000008359bee8,0x0000000084300000)
 Metaspace       used 57400K, committed 58880K, reserved 1114112K
  class space    used 6201K, committed 6784K, reserved 1048576K
}
Event: 16.676 GC heap before
{Heap before GC invocations=39 (full 2):
 PSYoungGen      total 12800K, used 12579K [0x00000000d5580000, 0x00000000d6880000, 0x0000000100000000)
  eden space 11776K, 100% used [0x00000000d5580000,0x00000000d6100000,0x00000000d6100000)
  from space 1024K, 78% used [0x00000000d6780000,0x00000000d6848ed0,0x00000000d6880000)
  to   space 1024K, 0% used [0x00000000d6680000,0x00000000d6680000,0x00000000d6780000)
 ParOldGen       total 68608K, used 54895K [0x0000000080000000, 0x0000000084300000, 0x00000000d5580000)
  object space 68608K, 80% used [0x0000000080000000,0x000000008359bee8,0x0000000084300000)
 Metaspace       used 57430K, committed 58880K, reserved 1114112K
  class space    used 6201K, committed 6784K, reserved 1048576K
}
Event: 16.678 GC heap after
{Heap after GC invocations=39 (full 2):
 PSYoungGen      total 12800K, used 847K [0x00000000d5580000, 0x00000000d6800000, 0x0000000100000000)
  eden space 11776K, 0% used [0x00000000d5580000,0x00000000d5580000,0x00000000d6100000)
  from space 1024K, 82% used [0x00000000d6680000,0x00000000d6753de0,0x00000000d6780000)
  to   space 512K, 0% used [0x00000000d6780000,0x00000000d6780000,0x00000000d6800000)
 ParOldGen       total 68608K, used 55445K [0x0000000080000000, 0x0000000084300000, 0x00000000d5580000)
  object space 68608K, 80% used [0x0000000080000000,0x0000000083625530,0x0000000084300000)
 Metaspace       used 57430K, committed 58880K, reserved 1114112K
  class space    used 6201K, committed 6784K, reserved 1048576K
}
Event: 16.703 GC heap before
{Heap before GC invocations=40 (full 2):
 PSYoungGen      total 12800K, used 12623K [0x00000000d5580000, 0x00000000d6800000, 0x0000000100000000)
  eden space 11776K, 100% used [0x00000000d5580000,0x00000000d6100000,0x00000000d6100000)
  from space 1024K, 82% used [0x00000000d6680000,0x00000000d6753de0,0x00000000d6780000)
  to   space 512K, 0% used [0x00000000d6780000,0x00000000d6780000,0x00000000d6800000)
 ParOldGen       total 68608K, used 55445K [0x0000000080000000, 0x0000000084300000, 0x00000000d5580000)
  object space 68608K, 80% used [0x0000000080000000,0x0000000083625530,0x0000000084300000)
 Metaspace       used 57459K, committed 58880K, reserved 1114112K
  class space    used 6201K, committed 6784K, reserved 1048576K
}
Event: 16.704 GC heap after
{Heap after GC invocations=40 (full 2):
 PSYoungGen      total 12288K, used 508K [0x00000000d5580000, 0x00000000d6800000, 0x0000000100000000)
  eden space 11776K, 0% used [0x00000000d5580000,0x00000000d5580000,0x00000000d6100000)
  from space 512K, 99% used [0x00000000d6780000,0x00000000d67ff120,0x00000000d6800000)
  to   space 1536K, 0% used [0x00000000d6500000,0x00000000d6500000,0x00000000d6680000)
 ParOldGen       total 68608K, used 56017K [0x0000000080000000, 0x0000000084300000, 0x00000000d5580000)
  object space 68608K, 81% used [0x0000000080000000,0x00000000836b4648,0x0000000084300000)
 Metaspace       used 57459K, committed 58880K, reserved 1114112K
  class space    used 6201K, committed 6784K, reserved 1048576K
}
Event: 16.736 GC heap before
{Heap before GC invocations=41 (full 2):
 PSYoungGen      total 12288K, used 12284K [0x00000000d5580000, 0x00000000d6800000, 0x0000000100000000)
  eden space 11776K, 100% used [0x00000000d5580000,0x00000000d6100000,0x00000000d6100000)
  from space 512K, 99% used [0x00000000d6780000,0x00000000d67ff120,0x00000000d6800000)
  to   space 1536K, 0% used [0x00000000d6500000,0x00000000d6500000,0x00000000d6680000)
 ParOldGen       total 68608K, used 56017K [0x0000000080000000, 0x0000000084300000, 0x00000000d5580000)
  object space 68608K, 81% used [0x0000000080000000,0x00000000836b4648,0x0000000084300000)
 Metaspace       used 57489K, committed 58944K, reserved 1114112K
  class space    used 6207K, committed 6784K, reserved 1048576K
}
Event: 16.737 GC heap after
{Heap after GC invocations=41 (full 2):
 PSYoungGen      total 13312K, used 732K [0x00000000d5580000, 0x00000000d6800000, 0x0000000100000000)
  eden space 11776K, 0% used [0x00000000d5580000,0x00000000d5580000,0x00000000d6100000)
  from space 1536K, 47% used [0x00000000d6500000,0x00000000d65b7018,0x00000000d6680000)
  to   space 1024K, 0% used [0x00000000d6700000,0x00000000d6700000,0x00000000d6800000)
 ParOldGen       total 68608K, used 56407K [0x0000000080000000, 0x0000000084300000, 0x00000000d5580000)
  object space 68608K, 82% used [0x0000000080000000,0x0000000083715c38,0x0000000084300000)
 Metaspace       used 57489K, committed 58944K, reserved 1114112K
  class space    used 6207K, committed 6784K, reserved 1048576K
}
Event: 16.760 GC heap before
{Heap before GC invocations=42 (full 2):
 PSYoungGen      total 13312K, used 12508K [0x00000000d5580000, 0x00000000d6800000, 0x0000000100000000)
  eden space 11776K, 100% used [0x00000000d5580000,0x00000000d6100000,0x00000000d6100000)
  from space 1536K, 47% used [0x00000000d6500000,0x00000000d65b7018,0x00000000d6680000)
  to   space 1024K, 0% used [0x00000000d6700000,0x00000000d6700000,0x00000000d6800000)
 ParOldGen       total 68608K, used 56407K [0x0000000080000000, 0x0000000084300000, 0x00000000d5580000)
  object space 68608K, 82% used [0x0000000080000000,0x0000000083715c38,0x0000000084300000)
 Metaspace       used 57498K, committed 58944K, reserved 1114112K
  class space    used 6207K, committed 6784K, reserved 1048576K
}
Event: 16.762 GC heap after
{Heap after GC invocations=42 (full 2):
 PSYoungGen      total 12800K, used 662K [0x00000000d5580000, 0x00000000d6800000, 0x0000000100000000)
  eden space 11776K, 0% used [0x00000000d5580000,0x00000000d5580000,0x00000000d6100000)
  from space 1024K, 64% used [0x00000000d6700000,0x00000000d67a5ba8,0x00000000d6800000)
  to   space 1024K, 0% used [0x00000000d6600000,0x00000000d6600000,0x00000000d6700000)
 ParOldGen       total 68608K, used 56915K [0x0000000080000000, 0x0000000084300000, 0x00000000d5580000)
  object space 68608K, 82% used [0x0000000080000000,0x0000000083794d50,0x0000000084300000)
 Metaspace       used 57498K, committed 58944K, reserved 1114112K
  class space    used 6207K, committed 6784K, reserved 1048576K
}
Event: 16.782 GC heap before
{Heap before GC invocations=43 (full 2):
 PSYoungGen      total 12800K, used 12438K [0x00000000d5580000, 0x00000000d6800000, 0x0000000100000000)
  eden space 11776K, 100% used [0x00000000d5580000,0x00000000d6100000,0x00000000d6100000)
  from space 1024K, 64% used [0x00000000d6700000,0x00000000d67a5ba8,0x00000000d6800000)
  to   space 1024K, 0% used [0x00000000d6600000,0x00000000d6600000,0x00000000d6700000)
 ParOldGen       total 68608K, used 56915K [0x0000000080000000, 0x0000000084300000, 0x00000000d5580000)
  object space 68608K, 82% used [0x0000000080000000,0x0000000083794d50,0x0000000084300000)
 Metaspace       used 57510K, committed 58944K, reserved 1114112K
  class space    used 6207K, committed 6784K, reserved 1048576K
}
Event: 16.783 GC heap after
{Heap after GC invocations=43 (full 2):
 PSYoungGen      total 12800K, used 1015K [0x00000000d5580000, 0x00000000d6780000, 0x0000000100000000)
  eden space 11776K, 0% used [0x00000000d5580000,0x00000000d5580000,0x00000000d6100000)
  from space 1024K, 99% used [0x00000000d6600000,0x00000000d66fdd20,0x00000000d6700000)
  to   space 512K, 0% used [0x00000000d6700000,0x00000000d6700000,0x00000000d6780000)
 ParOldGen       total 68608K, used 57553K [0x0000000080000000, 0x0000000084300000, 0x00000000d5580000)
  object space 68608K, 83% used [0x0000000080000000,0x0000000083834578,0x0000000084300000)
 Metaspace       used 57510K, committed 58944K, reserved 1114112K
  class space    used 6207K, committed 6784K, reserved 1048576K
}
Event: 16.797 GC heap before
{Heap before GC invocations=44 (full 2):
 PSYoungGen      total 12800K, used 12791K [0x00000000d5580000, 0x00000000d6780000, 0x0000000100000000)
  eden space 11776K, 99% used [0x00000000d5580000,0x00000000d60ffff8,0x00000000d6100000)
  from space 1024K, 99% used [0x00000000d6600000,0x00000000d66fdd20,0x00000000d6700000)
  to   space 512K, 0% used [0x00000000d6700000,0x00000000d6700000,0x00000000d6780000)
 ParOldGen       total 68608K, used 57553K [0x0000000080000000, 0x0000000084300000, 0x00000000d5580000)
  object space 68608K, 83% used [0x0000000080000000,0x0000000083834578,0x0000000084300000)
 Metaspace       used 57516K, committed 58944K, reserved 1114112K
  class space    used 6207K, committed 6784K, reserved 1048576K
}
Event: 16.797 GC heap after
{Heap after GC invocations=44 (full 2):
 PSYoungGen      total 12288K, used 384K [0x00000000d5580000, 0x00000000d6780000, 0x0000000100000000)
  eden space 11776K, 0% used [0x00000000d5580000,0x00000000d5580000,0x00000000d6100000)
  from space 512K, 75% used [0x00000000d6700000,0x00000000d6760000,0x00000000d6780000)
  to   space 1024K, 0% used [0x00000000d6580000,0x00000000d6580000,0x00000000d6680000)
 ParOldGen       total 68608K, used 58583K [0x0000000080000000, 0x0000000084300000, 0x00000000d5580000)
  object space 68608K, 85% used [0x0000000080000000,0x0000000083935dd0,0x0000000084300000)
 Metaspace       used 57516K, committed 58944K, reserved 1114112K
  class space    used 6207K, committed 6784K, reserved 1048576K
}
Event: 16.813 GC heap before
{Heap before GC invocations=45 (full 2):
 PSYoungGen      total 12288K, used 12160K [0x00000000d5580000, 0x00000000d6780000, 0x0000000100000000)
  eden space 11776K, 100% used [0x00000000d5580000,0x00000000d6100000,0x00000000d6100000)
  from space 512K, 75% used [0x00000000d6700000,0x00000000d6760000,0x00000000d6780000)
  to   space 1024K, 0% used [0x00000000d6580000,0x00000000d6580000,0x00000000d6680000)
 ParOldGen       total 68608K, used 58583K [0x0000000080000000, 0x0000000084300000, 0x00000000d5580000)
  object space 68608K, 85% used [0x0000000080000000,0x0000000083935dd0,0x0000000084300000)
 Metaspace       used 57520K, committed 58944K, reserved 1114112K
  class space    used 6207K, committed 6784K, reserved 1048576K
}
Event: 16.814 GC heap after
{Heap after GC invocations=45 (full 2):
 PSYoungGen      total 12800K, used 832K [0x00000000d5580000, 0x00000000d6780000, 0x0000000100000000)
  eden space 11776K, 0% used [0x00000000d5580000,0x00000000d5580000,0x00000000d6100000)
  from space 1024K, 81% used [0x00000000d6580000,0x00000000d6650000,0x00000000d6680000)
  to   space 1024K, 0% used [0x00000000d6680000,0x00000000d6680000,0x00000000d6780000)
 ParOldGen       total 68608K, used 58863K [0x0000000080000000, 0x0000000084300000, 0x00000000d5580000)
  object space 68608K, 85% used [0x0000000080000000,0x000000008397bdd0,0x0000000084300000)
 Metaspace       used 57520K, committed 58944K, reserved 1114112K
  class space    used 6207K, committed 6784K, reserved 1048576K
}
Event: 16.830 GC heap before
{Heap before GC invocations=46 (full 2):
 PSYoungGen      total 12800K, used 12608K [0x00000000d5580000, 0x00000000d6780000, 0x0000000100000000)
  eden space 11776K, 100% used [0x00000000d5580000,0x00000000d6100000,0x00000000d6100000)
  from space 1024K, 81% used [0x00000000d6580000,0x00000000d6650000,0x00000000d6680000)
  to   space 1024K, 0% used [0x00000000d6680000,0x00000000d6680000,0x00000000d6780000)
 ParOldGen       total 68608K, used 58863K [0x0000000080000000, 0x0000000084300000, 0x00000000d5580000)
  object space 68608K, 85% used [0x0000000080000000,0x000000008397bdd0,0x0000000084300000)
 Metaspace       used 57528K, committed 58944K, reserved 1114112K
  class space    used 6207K, committed 6784K, reserved 1048576K
}
Event: 16.831 GC heap after
{Heap after GC invocations=46 (full 2):
 PSYoungGen      total 12800K, used 864K [0x00000000d5580000, 0x00000000d6780000, 0x0000000100000000)
  eden space 11776K, 0% used [0x00000000d5580000,0x00000000d5580000,0x00000000d6100000)
  from space 1024K, 84% used [0x00000000d6680000,0x00000000d6758000,0x00000000d6780000)
  to   space 1024K, 0% used [0x00000000d6580000,0x00000000d6580000,0x00000000d6680000)
 ParOldGen       total 68608K, used 59471K [0x0000000080000000, 0x0000000084300000, 0x00000000d5580000)
  object space 68608K, 86% used [0x0000000080000000,0x0000000083a13de0,0x0000000084300000)
 Metaspace       used 57528K, committed 58944K, reserved 1114112K
  class space    used 6207K, committed 6784K, reserved 1048576K
}
Event: 16.859 GC heap before
{Heap before GC invocations=47 (full 2):
 PSYoungGen      total 12800K, used 12640K [0x00000000d5580000, 0x00000000d6780000, 0x0000000100000000)
  eden space 11776K, 100% used [0x00000000d5580000,0x00000000d6100000,0x00000000d6100000)
  from space 1024K, 84% used [0x00000000d6680000,0x00000000d6758000,0x00000000d6780000)
  to   space 1024K, 0% used [0x00000000d6580000,0x00000000d6580000,0x00000000d6680000)
 ParOldGen       total 68608K, used 59471K [0x0000000080000000, 0x0000000084300000, 0x00000000d5580000)
  object space 68608K, 86% used [0x0000000080000000,0x0000000083a13de0,0x0000000084300000)
 Metaspace       used 57548K, committed 58944K, reserved 1114112K
  class space    used 6207K, committed 6784K, reserved 1048576K
}

